=== stdout ===
?590b9dbaacf376fb5611980ce7aa6834635e1389
01Jul16 ..vv f.txt

=== patch row ===
T	patch	?590b9dbaacf376fb5611980ce7aa6834635e1389
=== status ===
..vv f.txt
=== file bytes ===
--- f.txt ---
-rw-------
A
b
C
d
e
=== refuse bogus scheme ===
JS exception: PATCHFAIL: cannot patch from 'svn:trunk/x' — supported: ?<br> | ?<br>! | #<sha> | a worktree address
=== refuse dead wire (be://) ===
refused loudly
rows=1
--- f.txt ---
-rw-------
A
b
C
d
e
=== refuse file:+query ===
JS exception: PATCHFAIL: cannot patch from 'file:../w2?feat' — supported: ?<br> | ?<br>! | #<sha> | a worktree address
