=== get stdout ===
?#H
T get ?#H
T new a.txt
T new b.txt
T new d/c.txt
T new m.txt

=== worktree ===
./a.txt
./b.txt
./d/c.txt
./m.txt
--- ./a.txt ---
A
--- ./b.txt ---
B
--- ./d/c.txt ---
C
--- ./m.txt ---
M
=== status ===
status:
?	4 ok
=== get stdout ===
?#H
T get ?#H
T post ?H#multi
T new g/g.txt
T upd m.txt
T new z.txt
T del b.txt
T del d/c.txt

=== worktree ===
./a.txt
./g/g.txt
./m.txt
./z.txt
--- ./a.txt ---
A
--- ./g/g.txt ---
G
--- ./m.txt ---
M2
--- ./z.txt ---
Z
=== status ===
status:
?	4 ok
